\BOOKMARK [1][-]{section.1}{Introduction}{}% 1
\BOOKMARK [1][-]{section.2}{Ouverture de 1m}{}% 2
\BOOKMARK [2][-]{subsection.2.1}{Le Walsh}{section.2}% 3
\BOOKMARK [2][-]{subsection.2.2}{La s\351quence 1C - 1D}{section.2}% 4
\BOOKMARK [2][-]{subsection.2.3}{La s\351quence 1C - 1M}{section.2}% 5
\BOOKMARK [2][-]{subsection.2.4}{La s\351quence 1m - 1M}{section.2}% 6
\BOOKMARK [2][-]{subsection.2.5}{La s\351quence 1m - 2H}{section.2}% 7
\BOOKMARK [2][-]{subsection.2.6}{La s\351quence 1m - 2S}{section.2}% 8
\BOOKMARK [2][-]{subsection.2.7}{La s\351quence 1D - 2C}{section.2}% 9
\BOOKMARK [2][-]{subsection.2.8}{Le fit mineur invers\351}{section.2}% 10
\BOOKMARK [2][-]{subsection.2.9}{Ench\350re du r\351pondant apr\350s une invers\351e}{section.2}% 11
\BOOKMARK [1][-]{section.3}{Ouverture de 1M}{}% 12
\BOOKMARK [1][-]{section.4}{Ouverture de 1N}{}% 13
\BOOKMARK [1][-]{section.5}{Ouverture de 2C}{}% 14
\BOOKMARK [1][-]{section.6}{Ouverture de 2D}{}% 15
\BOOKMARK [1][-]{section.7}{Ouverture de 2H et 2S}{}% 16
\BOOKMARK [1][-]{section.8}{Ouverture de 2NT}{}% 17
\BOOKMARK [2][-]{subsection.8.1}{Le Puppet Stayman}{section.8}% 18
\BOOKMARK [2][-]{subsection.8.2}{Les Texas}{section.8}% 19
\BOOKMARK [1][-]{section.9}{Les barrages et ouvertures \340 haut palier}{}% 20
\BOOKMARK [1][-]{section.10}{Ench\350res apr\350s passes}{}% 21
\BOOKMARK [1][-]{section.11}{Ench\350res de chelem}{}% 22
\BOOKMARK [1][-]{section.12}{D\351fense}{}% 23
\BOOKMARK [1][-]{section.13}{Ench\350res comp\351titives}{}% 24
\BOOKMARK [1][-]{section.14}{Jeu de la carte}{}% 25
